# JRE version: OpenJDK Runtime Environment (24.0.2+12) (build 24.0.2+12-54)
# Java VM: OpenJDK 64-Bit Server VM (24.0.2+12-54, mixed mode, sharing, tiered, compressed oops, compressed class ptrs, g1 gc, windows-amd64)
GC Precious Log:
 CardTable entry size: 512
 Card Set container configuration: InlinePtr #cards 5 size 8 Array Of Cards #cards 10 size 36 Howl #buckets 4 coarsen threshold 1843 Howl Bitmap #cards 512 size 80 coarsen threshold 460 Card regions per heap region 1 cards per card region 2048
 CPUs: 12 total, 12 available
 Memory: 7541M
 Large Page Support: Disabled
 NUMA Support: Disabled
 Compressed Oops: Enabled (32-bit)
 Heap Region Size: 1M
 Heap Min Capacity: 8M
 Heap Initial Capacity: 118M
 Heap Max Capacity: 1886M
 Pre-touch: Disabled
 Parallel Workers: 10
 Concurrent Workers: 3
 Concurrent Refinement Workers: 10
 Periodic GC: Disabled
Heap:
 garbage-first heap   total reserved 1931264K, committed 109568K, used 31518K [0x000000008a200000, 0x0000000100000000)
  region size 1024K, 2 young (2048K), 1 survivors (1024K)
 Metaspace       used 66772K, committed 67392K, reserved 1114112K
  class space    used 7219K, committed 7488K, reserved 1048576K
GC Heap History (20 events):
Event: 8077.299 GC heap before
{Heap before GC invocations=39 (full 0):
 garbage-first heap   total reserved 1931264K, committed 350208K, used 49136K [0x000000008a200000, 0x0000000100000000)
  region size 1024K, 17 young (17408K), 1 survivors (1024K)
 Metaspace       used 66729K, committed 67328K, reserved 1114112K
  class space    used 7233K, committed 7488K, reserved 1048576K
}
Event: 8077.647 GC heap after
{Heap after GC invocations=40 (full 0):
 garbage-first heap   total reserved 1931264K, committed 350208K, used 32625K [0x000000008a200000, 0x0000000100000000)
  region size 1024K, 1 young (1024K), 1 survivors (1024K)
 Metaspace       used 66729K, committed 67328K, reserved 1114112K
  class space    used 7233K, committed 7488K, reserved 1048576K
}
Event: 8281.521 GC heap before
{Heap before GC invocations=40 (full 0):
 garbage-first heap   total reserved 1931264K, committed 350208K, used 49009K [0x000000008a200000, 0x0000000100000000)
  region size 1024K, 17 young (17408K), 1 survivors (1024K)
 Metaspace       used 66802K, committed 67392K, reserved 1114112K
  class space    used 7236K, committed 7488K, reserved 1048576K
}
Event: 8282.956 GC heap after
{Heap after GC invocations=41 (full 0):
 garbage-first heap   total reserved 1931264K, committed 350208K, used 32678K [0x000000008a200000, 0x0000000100000000)
  region size 1024K, 1 young (1024K), 1 survivors (1024K)
 Metaspace       used 66802K, committed 67392K, reserved 1114112K
  class space    used 7236K, committed 7488K, reserved 1048576K
}
Event: 8384.257 GC heap before
{Heap before GC invocations=42 (full 0):
 garbage-first heap   total reserved 1931264K, committed 116736K, used 36774K [0x000000008a200000, 0x0000000100000000)
  region size 1024K, 5 young (5120K), 1 survivors (1024K)
 Metaspace       used 66751K, committed 67392K, reserved 1114112K
  class space    used 7218K, committed 7488K, reserved 1048576K
}
Event: 8384.308 GC heap after
{Heap after GC invocations=43 (full 0):
 garbage-first heap   total reserved 1931264K, committed 116736K, used 32721K [0x000000008a200000, 0x0000000100000000)
  region size 1024K, 1 young (1024K), 1 survivors (1024K)
 Metaspace       used 66751K, committed 67392K, reserved 1114112K
  class space    used 7218K, committed 7488K, reserved 1048576K
}
Event: 8433.265 GC heap before
{Heap before GC invocations=43 (full 0):
 garbage-first heap   total reserved 1931264K, committed 116736K, used 36817K [0x000000008a200000, 0x0000000100000000)
  region size 1024K, 5 young (5120K), 1 survivors (1024K)
 Metaspace       used 66752K, committed 67392K, reserved 1114112K
  class space    used 7218K, committed 7488K, reserved 1048576K
}
Event: 8433.568 GC heap after
{Heap after GC invocations=44 (full 0):
 garbage-first heap   total reserved 1931264K, committed 116736K, used 32722K [0x000000008a200000, 0x0000000100000000)
  region size 1024K, 1 young (1024K), 1 survivors (1024K)
 Metaspace       used 66752K, committed 67392K, reserved 1114112K
  class space    used 7218K, committed 7488K, reserved 1048576K
}
Event: 8483.413 GC heap before
{Heap before GC invocations=44 (full 0):
 garbage-first heap   total reserved 1931264K, committed 116736K, used 36818K [0x000000008a200000, 0x0000000100000000)
  region size 1024K, 5 young (5120K), 1 survivors (1024K)
 Metaspace       used 66753K, committed 67392K, reserved 1114112K
  class space    used 7218K, committed 7488K, reserved 1048576K
}
Event: 8483.781 GC heap after
{Heap after GC invocations=45 (full 0):
 garbage-first heap   total reserved 1931264K, committed 116736K, used 32581K [0x000000008a200000, 0x0000000100000000)
  region size 1024K, 1 young (1024K), 1 survivors (1024K)
 Metaspace       used 66753K, committed 67392K, reserved 1114112K
  class space    used 7218K, committed 7488K, reserved 1048576K
}
Event: 8526.698 GC heap before
{Heap before GC invocations=45 (full 0):
 garbage-first heap   total reserved 1931264K, committed 116736K, used 36677K [0x000000008a200000, 0x0000000100000000)
  region size 1024K, 5 young (5120K), 1 survivors (1024K)
 Metaspace       used 66755K, committed 67392K, reserved 1114112K
  class space    used 7218K, committed 7488K, reserved 1048576K
}
Event: 8527.709 GC heap after
{Heap after GC invocations=46 (full 0):
 garbage-first heap   total reserved 1931264K, committed 116736K, used 32338K [0x000000008a200000, 0x0000000100000000)
  region size 1024K, 1 young (1024K), 1 survivors (1024K)
 Metaspace       used 66755K, committed 67392K, reserved 1114112K
  class space    used 7218K, committed 7488K, reserved 1048576K
}
Event: 8573.349 GC heap before
{Heap before GC invocations=46 (full 0):
 garbage-first heap   total reserved 1931264K, committed 116736K, used 36434K [0x000000008a200000, 0x0000000100000000)
  region size 1024K, 5 young (5120K), 1 survivors (1024K)
 Metaspace       used 66763K, committed 67392K, reserved 1114112K
  class space    used 7218K, committed 7488K, reserved 1048576K
}
Event: 8573.493 GC heap after
{Heap after GC invocations=47 (full 0):
 garbage-first heap   total reserved 1931264K, committed 116736K, used 32009K [0x000000008a200000, 0x0000000100000000)
  region size 1024K, 1 young (1024K), 1 survivors (1024K)
 Metaspace       used 66763K, committed 67392K, reserved 1114112K
  class space    used 7218K, committed 7488K, reserved 1048576K
}
Event: 8610.893 GC heap before
{Heap before GC invocations=47 (full 0):
 garbage-first heap   total reserved 1931264K, committed 116736K, used 36105K [0x000000008a200000, 0x0000000100000000)
  region size 1024K, 5 young (5120K), 1 survivors (1024K)
 Metaspace       used 66770K, committed 67392K, reserved 1114112K
  class space    used 7219K, committed 7488K, reserved 1048576K
}
Event: 8610.979 GC heap after
{Heap after GC invocations=48 (full 0):
 garbage-first heap   total reserved 1931264K, committed 116736K, used 32136K [0x000000008a200000, 0x0000000100000000)
  region size 1024K, 1 young (1024K), 1 survivors (1024K)
 Metaspace       used 66770K, committed 67392K, reserved 1114112K
  class space    used 7219K, committed 7488K, reserved 1048576K
}
Event: 8652.214 GC heap before
{Heap before GC invocations=49 (full 0):
 garbage-first heap   total reserved 1931264K, committed 109568K, used 36218K [0x000000008a200000, 0x0000000100000000)
  region size 1024K, 5 young (5120K), 1 survivors (1024K)
 Metaspace       used 66772K, committed 67392K, reserved 1114112K
  class space    used 7219K, committed 7488K, reserved 1048576K
}
Event: 8652.521 GC heap after
{Heap after GC invocations=50 (full 0):
 garbage-first heap   total reserved 1931264K, committed 109568K, used 32135K [0x000000008a200000, 0x0000000100000000)
  region size 1024K, 1 young (1024K), 1 survivors (1024K)
 Metaspace       used 66772K, committed 67392K, reserved 1114112K
  class space    used 7219K, committed 7488K, reserved 1048576K
}
Event: 8691.199 GC heap before
{Heap before GC invocations=50 (full 0):
 garbage-first heap   total reserved 1931264K, committed 109568K, used 36231K [0x000000008a200000, 0x0000000100000000)
  region size 1024K, 5 young (5120K), 1 survivors (1024K)
 Metaspace       used 66772K, committed 67392K, reserved 1114112K
  class space    used 7219K, committed 7488K, reserved 1048576K
}
Event: 8691.516 GC heap after
{Heap after GC invocations=51 (full 0):
 garbage-first heap   total reserved 1931264K, committed 109568K, used 31805K [0x000000008a200000, 0x0000000100000000)
  region size 1024K, 1 young (1024K), 1 survivors (1024K)
 Metaspace       used 66772K, committed 67392K, reserved 1114112K
  class space    used 7219K, committed 7488K, reserved 1048576K
}

